<?xml version="1.0" encoding="UTF-8"?>
<testng-results ignored="0" total="1" passed="1" failed="0" skipped="0">
  <reporter-output>
  </reporter-output>
  <suite started-at="2025-03-10T14:41:13 IST" name="Suite" finished-at="2025-03-10T14:41:21 IST" duration-ms="8328">
    <groups>
    </groups>
    <test started-at="2025-03-10T14:41:13 IST" name="Test" finished-at="2025-03-10T14:41:21 IST" duration-ms="8328">
      <class name="tests.EndToEndTests">
        <test-method signature="loginTest()[pri:0, instance:tests.EndToEndTests@7207cb51]" started-at="2025-03-10T14:41:13 IST" name="loginTest" finished-at="2025-03-10T14:41:20 IST" duration-ms="7664" status="PASS">
          <reporter-output>
          </reporter-output>
        </test-method> <!-- loginTest -->
        <test-method is-config="true" signature="quit()[pri:0, instance:tests.EndToEndTests@7207cb51]" started-at="2025-03-10T14:41:21 IST" name="quit" finished-at="2025-03-10T14:41:21 IST" duration-ms="369" status="PASS">
          <reporter-output>
          </reporter-output>
        </test-method> <!-- quit -->
      </class> <!-- tests.EndToEndTests -->
    </test> <!-- Test -->
  </suite> <!-- Suite -->
</testng-results>
